10.04.2021 02:00:41.562 [main] INFO  r.c.f.task2.Main - РџСЂРѕРіСЂР°РјРјР° СЃС‚Р°СЂС‚РѕРІР°Р»Р°
10.04.2021 02:00:41.570 [main] INFO  r.c.f.task2.Main - РЎРѕР·РґР°Р»Рё СЌРєР·РµРјРїР»СЏСЂ РєР»Р°СЃСЃР° ReaderFromFile РґР»СЏ СЃС‡РёС‚С‹РІР°РЅРёСЏ СЃ С„Р°Р№Р»Р°
10.04.2021 02:00:41.625 [main] INFO  r.c.f.task2.Main - РЎРѕР·РґР°Р»Рё СЌРєР·РµРјРїР»СЏСЂ РєР»Р°СЃСЃР° ModelFigureTypeWithParameters РґР»СЏ РґР»СЏ РїРѕР»СѓС‡РµРЅРёСЏ С‚РёРїР° Рё РїР°СЂР°РјРµС‚СЂРѕРІ С„РёРіСѓСЂС‹
10.04.2021 02:00:41.635 [main] INFO  r.c.f.task2.Main - 
10.04.2021 02:00:41.693 [main] INFO  r.c.f.task2.Main - РџСЂРѕРіСЂР°РјРјР° Р·Р°РІРµСЂС€РёР»Р°СЃСЊ
10.04.2021 02:02:54.108 [main] INFO  r.c.f.task2.Main - РџСЂРѕРіСЂР°РјРјР° СЃС‚Р°СЂС‚РѕРІР°Р»Р°
10.04.2021 02:02:54.327 [main] INFO  r.c.f.task2.Main - РЎРѕР·РґР°Р»Рё СЌРєР·РµРјРїР»СЏСЂ РєР»Р°СЃСЃР° ReaderFromFile РґР»СЏ СЃС‡РёС‚С‹РІР°РЅРёСЏ СЃ С„Р°Р№Р»Р°
10.04.2021 02:02:54.330 [main] INFO  r.c.f.task2.Main - РЎРѕР·РґР°Р»Рё СЌРєР·РµРјРїР»СЏСЂ РєР»Р°СЃСЃР° ModelFigureTypeWithParameters РґР»СЏ РґР»СЏ РїРѕР»СѓС‡РµРЅРёСЏ С‚РёРїР° Рё РїР°СЂР°РјРµС‚СЂРѕРІ С„РёРіСѓСЂС‹
10.04.2021 02:02:54.334 [main] INFO  r.c.f.task2.Main - 
10.04.2021 02:02:54.349 [main] INFO  r.c.f.task2.Main - РџСЂРѕРіСЂР°РјРјР° Р·Р°РІРµСЂС€РёР»Р°СЃСЊ
10.04.2021 02:06:02.578 [main] INFO  r.c.f.task2.Main - РџСЂРѕРіСЂР°РјРјР° СЃС‚Р°СЂС‚РѕРІР°Р»Р°
10.04.2021 02:06:18.536 [main] INFO  r.c.f.task2.Main - РџСЂРѕРіСЂР°РјРјР° СЃС‚Р°СЂС‚РѕРІР°Р»Р°
10.04.2021 02:06:28.996 [main] INFO  r.c.f.task2.Main - РџСЂРѕРіСЂР°РјРјР° СЃС‚Р°СЂС‚РѕРІР°Р»Р°
10.04.2021 02:08:30.229 [main] INFO  r.c.f.task2.Main - РџСЂРѕРіСЂР°РјРјР° СЃС‚Р°СЂС‚РѕРІР°Р»Р°
10.04.2021 02:09:24.957 [main] INFO  r.c.f.task2.Main - РџСЂРѕРіСЂР°РјРјР° СЃС‚Р°СЂС‚РѕРІР°Р»Р°
10.04.2021 02:09:25.009 [main] INFO  r.c.f.task2.Main - РЎРѕР·РґР°Р»Рё СЌРєР·РµРјРїР»СЏСЂ РєР»Р°СЃСЃР° ReaderFromFile РґР»СЏ СЃС‡РёС‚С‹РІР°РЅРёСЏ СЃ С„Р°Р№Р»Р°
10.04.2021 02:09:25.011 [main] INFO  r.c.f.task2.Main - РЎРѕР·РґР°Р»Рё СЌРєР·РµРјРїР»СЏСЂ РєР»Р°СЃСЃР° ModelFigureTypeWithParameters РґР»СЏ РґР»СЏ РїРѕР»СѓС‡РµРЅРёСЏ С‚РёРїР° Рё РїР°СЂР°РјРµС‚СЂРѕРІ С„РёРіСѓСЂС‹
10.04.2021 02:09:25.013 [main] INFO  r.c.f.task2.Main - 
10.04.2021 02:09:25.024 [main] INFO  r.c.f.task2.Main - РџСЂРѕРіСЂР°РјРјР° Р·Р°РІРµСЂС€РёР»Р°СЃСЊ
10.04.2021 02:10:09.050 [main] INFO  r.c.f.task2.Main - РџСЂРѕРіСЂР°РјРјР° СЃС‚Р°СЂС‚РѕРІР°Р»Р°
10.04.2021 02:10:09.110 [main] INFO  r.c.f.task2.Main - РЎРѕР·РґР°Р»Рё СЌРєР·РµРјРїР»СЏСЂ РєР»Р°СЃСЃР° ReaderFromFile РґР»СЏ СЃС‡РёС‚С‹РІР°РЅРёСЏ СЃ С„Р°Р№Р»Р°
10.04.2021 02:10:09.113 [main] INFO  r.c.f.task2.Main - РЎРѕР·РґР°Р»Рё СЌРєР·РµРјРїР»СЏСЂ РєР»Р°СЃСЃР° ModelFigureTypeWithParameters РґР»СЏ РґР»СЏ РїРѕР»СѓС‡РµРЅРёСЏ С‚РёРїР° Рё РїР°СЂР°РјРµС‚СЂРѕРІ С„РёРіСѓСЂС‹
10.04.2021 02:10:09.115 [main] INFO  r.c.f.task2.Main - 
10.04.2021 02:10:09.126 [main] INFO  r.c.f.task2.Main - РџСЂРѕРіСЂР°РјРјР° Р·Р°РІРµСЂС€РёР»Р°СЃСЊ
10.04.2021 02:25:51.016 [main] INFO  r.c.f.task2.Main - РџСЂРѕРіСЂР°РјРјР° СЃС‚Р°СЂС‚РѕРІР°Р»Р°
10.04.2021 02:25:51.181 [main] INFO  r.c.f.task2.Main - РЎРѕР·РґР°Р»Рё СЌРєР·РµРјРїР»СЏСЂ РєР»Р°СЃСЃР° ReaderFromFile РґР»СЏ СЃС‡РёС‚С‹РІР°РЅРёСЏ СЃ С„Р°Р№Р»Р°
10.04.2021 02:25:51.182 [main] INFO  r.c.f.task2.Main - РЎРѕР·РґР°Р»Рё СЌРєР·РµРјРїР»СЏСЂ РєР»Р°СЃСЃР° ModelFigureTypeWithParameters РґР»СЏ РґР»СЏ РїРѕР»СѓС‡РµРЅРёСЏ С‚РёРїР° Рё РїР°СЂР°РјРµС‚СЂРѕРІ С„РёРіСѓСЂС‹
10.04.2021 02:25:51.185 [main] INFO  r.c.f.task2.Main - 
10.04.2021 02:25:51.192 [main] INFO  r.c.f.task2.Main - РџСЂРѕРіСЂР°РјРјР° Р·Р°РІРµСЂС€РёР»Р°СЃСЊ
10.04.2021 02:28:35.775 [main] INFO  r.c.f.task2.Main - РџСЂРѕРіСЂР°РјРјР° СЃС‚Р°СЂС‚РѕРІР°Р»Р°
10.04.2021 02:28:35.868 [main] INFO  r.c.f.task2.Main - РЎРѕР·РґР°Р»Рё СЌРєР·РµРјРїР»СЏСЂ РєР»Р°СЃСЃР° ReaderFromFile РґР»СЏ СЃС‡РёС‚С‹РІР°РЅРёСЏ СЃ С„Р°Р№Р»Р°
10.04.2021 02:28:35.869 [main] INFO  r.c.f.task2.Main - РЎРѕР·РґР°Р»Рё СЌРєР·РµРјРїР»СЏСЂ РєР»Р°СЃСЃР° ModelFigureTypeWithParameters РґР»СЏ РґР»СЏ РїРѕР»СѓС‡РµРЅРёСЏ С‚РёРїР° Рё РїР°СЂР°РјРµС‚СЂРѕРІ С„РёРіСѓСЂС‹
10.04.2021 02:28:35.871 [main] INFO  r.c.f.task2.Main - 
10.04.2021 02:28:35.878 [main] INFO  r.c.f.task2.Main - РџСЂРѕРіСЂР°РјРјР° Р·Р°РІРµСЂС€РёР»Р°СЃСЊ
10.04.2021 13:42:28.311 [main] INFO  r.c.f.task2.Main - РџСЂРѕРіСЂР°РјРјР° СЃС‚Р°СЂС‚РѕРІР°Р»Р°
10.04.2021 13:42:28.677 [main] INFO  r.c.f.task2.Main - РЎРѕР·РґР°Р»Рё СЌРєР·РµРјРїР»СЏСЂ РєР»Р°СЃСЃР° ReaderFromFile РґР»СЏ СЃС‡РёС‚С‹РІР°РЅРёСЏ СЃ С„Р°Р№Р»Р°
10.04.2021 13:44:19.399 [main] INFO  r.c.f.task2.Main - РџСЂРѕРіСЂР°РјРјР° СЃС‚Р°СЂС‚РѕРІР°Р»Р°
10.04.2021 13:44:19.566 [main] INFO  r.c.f.task2.Main - РЎРѕР·РґР°Р»Рё СЌРєР·РµРјРїР»СЏСЂ РєР»Р°СЃСЃР° ReaderFromFile РґР»СЏ СЃС‡РёС‚С‹РІР°РЅРёСЏ СЃ С„Р°Р№Р»Р°
10.04.2021 13:45:41.157 [main] INFO  r.c.f.task2.Main - РџСЂРѕРіСЂР°РјРјР° СЃС‚Р°СЂС‚РѕРІР°Р»Р°
10.04.2021 13:45:41.307 [main] INFO  r.c.f.task2.Main - РЎРѕР·РґР°Р»Рё СЌРєР·РµРјРїР»СЏСЂ РєР»Р°СЃСЃР° ReaderFromFile РґР»СЏ СЃС‡РёС‚С‹РІР°РЅРёСЏ СЃ С„Р°Р№Р»Р°
10.04.2021 13:46:16.812 [main] INFO  r.c.f.task2.Main - РџСЂРѕРіСЂР°РјРјР° СЃС‚Р°СЂС‚РѕРІР°Р»Р°
10.04.2021 13:46:16.990 [main] INFO  r.c.f.task2.Main - РЎРѕР·РґР°Р»Рё СЌРєР·РµРјРїР»СЏСЂ РєР»Р°СЃСЃР° ReaderFromFile РґР»СЏ СЃС‡РёС‚С‹РІР°РЅРёСЏ СЃ С„Р°Р№Р»Р°
10.04.2021 13:47:15.867 [main] INFO  r.c.f.task2.Main - РџСЂРѕРіСЂР°РјРјР° СЃС‚Р°СЂС‚РѕРІР°Р»Р°
10.04.2021 13:47:16.116 [main] INFO  r.c.f.task2.Main - РЎРѕР·РґР°Р»Рё СЌРєР·РµРјРїР»СЏСЂ РєР»Р°СЃСЃР° ReaderFromFile РґР»СЏ СЃС‡РёС‚С‹РІР°РЅРёСЏ СЃ С„Р°Р№Р»Р°
10.04.2021 13:54:18.425 [main] INFO  r.c.f.task2.Main - РџСЂРѕРіСЂР°РјРјР° СЃС‚Р°СЂС‚РѕРІР°Р»Р°
10.04.2021 13:54:18.718 [main] INFO  r.c.f.task2.Main - РЎРѕР·РґР°Р»Рё СЌРєР·РµРјРїР»СЏСЂ РєР»Р°СЃСЃР° ReaderFromFile РґР»СЏ СЃС‡РёС‚С‹РІР°РЅРёСЏ СЃ С„Р°Р№Р»Р°
10.04.2021 13:54:18.780 [main] ERROR r.c.f.task2.Main - (default value) (Не удается найти указанный файл)
java.io.FileNotFoundException: (default value) (Не удается найти указанный файл)
	at java.base/java.io.FileInputStream.open0(Native Method)
	at java.base/java.io.FileInputStream.open(FileInputStream.java:211)
	at java.base/java.io.FileInputStream.<init>(FileInputStream.java:153)
	at java.base/java.io.FileInputStream.<init>(FileInputStream.java:108)
	at ru.cft.focusstart.task2.ReaderFromFile.readLinesFromFile(ReaderFromFile.java:28)
	at ru.cft.focusstart.task2.ReaderFromFile.getFigureTypeWithParameters(ReaderFromFile.java:16)
	at ru.cft.focusstart.task2.Main.main(Main.java:32)
10.04.2021 13:54:18.781 [main] INFO  r.c.f.task2.Main - РџСЂРѕРіСЂР°РјРјР° Р·Р°РІРµСЂС€РёР»Р°СЃСЊ
10.04.2021 13:55:18.287 [main] INFO  r.c.f.task2.Main - РџСЂРѕРіСЂР°РјРјР° СЃС‚Р°СЂС‚РѕРІР°Р»Р°
10.04.2021 13:55:18.430 [main] INFO  r.c.f.task2.Main - РЎРѕР·РґР°Р»Рё СЌРєР·РµРјРїР»СЏСЂ РєР»Р°СЃСЃР° ReaderFromFile РґР»СЏ СЃС‡РёС‚С‹РІР°РЅРёСЏ СЃ С„Р°Р№Р»Р°
10.04.2021 13:55:18.448 [main] ERROR r.c.f.task2.Main - (default value) (Не удается найти указанный файл)
java.io.FileNotFoundException: (default value) (Не удается найти указанный файл)
	at java.base/java.io.FileInputStream.open0(Native Method)
	at java.base/java.io.FileInputStream.open(FileInputStream.java:211)
	at java.base/java.io.FileInputStream.<init>(FileInputStream.java:153)
	at java.base/java.io.FileInputStream.<init>(FileInputStream.java:108)
	at ru.cft.focusstart.task2.ReaderFromFile.readLinesFromFile(ReaderFromFile.java:28)
	at ru.cft.focusstart.task2.ReaderFromFile.getFigureTypeWithParameters(ReaderFromFile.java:16)
	at ru.cft.focusstart.task2.Main.main(Main.java:32)
10.04.2021 13:55:18.451 [main] INFO  r.c.f.task2.Main - РџСЂРѕРіСЂР°РјРјР° Р·Р°РІРµСЂС€РёР»Р°СЃСЊ
10.04.2021 13:57:22.321 [main] INFO  r.c.f.task2.Main - РџСЂРѕРіСЂР°РјРјР° СЃС‚Р°СЂС‚РѕРІР°Р»Р°
10.04.2021 13:57:22.514 [main] INFO  r.c.f.task2.Main - РЎРѕР·РґР°Р»Рё СЌРєР·РµРјРїР»СЏСЂ РєР»Р°СЃСЃР° ReaderFromFile РґР»СЏ СЃС‡РёС‚С‹РІР°РЅРёСЏ СЃ С„Р°Р№Р»Р°
10.04.2021 14:00:30.106 [main] INFO  r.c.f.task2.Main - РџСЂРѕРіСЂР°РјРјР° СЃС‚Р°СЂС‚РѕРІР°Р»Р°
10.04.2021 14:00:30.197 [main] INFO  r.c.f.task2.Main - РЎРѕР·РґР°Р»Рё СЌРєР·РµРјРїР»СЏСЂ РєР»Р°СЃСЃР° ReaderFromFile РґР»СЏ СЃС‡РёС‚С‹РІР°РЅРёСЏ СЃ С„Р°Р№Р»Р°
10.04.2021 14:03:28.958 [main] INFO  r.c.f.task2.Main - РџСЂРѕРіСЂР°РјРјР° СЃС‚Р°СЂС‚РѕРІР°Р»Р°
10.04.2021 14:03:29.071 [main] INFO  r.c.f.task2.Main - РЎРѕР·РґР°Р»Рё СЌРєР·РµРјРїР»СЏСЂ РєР»Р°СЃСЃР° ReaderFromFile РґР»СЏ СЃС‡РёС‚С‹РІР°РЅРёСЏ СЃ С„Р°Р№Р»Р°
10.04.2021 14:07:07.113 [main] INFO  r.c.f.task2.Main - РџСЂРѕРіСЂР°РјРјР° СЃС‚Р°СЂС‚РѕРІР°Р»Р°
10.04.2021 14:07:07.205 [main] INFO  r.c.f.task2.Main - РЎРѕР·РґР°Р»Рё СЌРєР·РµРјРїР»СЏСЂ РєР»Р°СЃСЃР° ReaderFromFile РґР»СЏ СЃС‡РёС‚С‹РІР°РЅРёСЏ СЃ С„Р°Р№Р»Р°
10.04.2021 14:08:09.416 [main] INFO  r.c.f.task2.Main - РџСЂРѕРіСЂР°РјРјР° СЃС‚Р°СЂС‚РѕРІР°Р»Р°
10.04.2021 14:08:09.562 [main] INFO  r.c.f.task2.Main - РЎРѕР·РґР°Р»Рё СЌРєР·РµРјРїР»СЏСЂ РєР»Р°СЃСЃР° ReaderFromFile РґР»СЏ СЃС‡РёС‚С‹РІР°РЅРёСЏ СЃ С„Р°Р№Р»Р°
10.04.2021 14:08:09.566 [main] INFO  r.c.f.task2.Main - РЎРѕР·РґР°Р»Рё СЌРєР·РµРјРїР»СЏСЂ РєР»Р°СЃСЃР° ModelFigureTypeWithParameters РґР»СЏ РґР»СЏ РїРѕР»СѓС‡РµРЅРёСЏ С‚РёРїР° Рё РїР°СЂР°РјРµС‚СЂРѕРІ С„РёРіСѓСЂС‹
10.04.2021 14:08:09.569 [main] INFO  r.c.f.task2.Main - 
10.04.2021 14:08:09.581 [main] INFO  r.c.f.task2.Main - РџСЂРѕРіСЂР°РјРјР° Р·Р°РІРµСЂС€РёР»Р°СЃСЊ
11.04.2021 13:39:50.827 [main] INFO  r.c.f.task2.Main - РџСЂРѕРіСЂР°РјРјР° СЃС‚Р°СЂС‚РѕРІР°Р»Р°
11.04.2021 13:39:50.962 [main] INFO  r.c.f.task2.Main - РЎРѕР·РґР°Р»Рё СЌРєР·РµРјРїР»СЏСЂ РєР»Р°СЃСЃР° ReaderFromFile РґР»СЏ СЃС‡РёС‚С‹РІР°РЅРёСЏ СЃ С„Р°Р№Р»Р°
11.04.2021 13:49:47.087 [main] INFO  r.c.f.task2.Main - РџСЂРѕРіСЂР°РјРјР° СЃС‚Р°СЂС‚РѕРІР°Р»Р°
11.04.2021 13:49:47.154 [main] INFO  r.c.f.task2.Main - РЎРѕР·РґР°Р»Рё СЌРєР·РµРјРїР»СЏСЂ РєР»Р°СЃСЃР° ReaderFromFile РґР»СЏ СЃС‡РёС‚С‹РІР°РЅРёСЏ СЃ С„Р°Р№Р»Р°
11.04.2021 13:49:47.157 [main] INFO  r.c.f.task2.Main - РЎРѕР·РґР°Р»Рё СЌРєР·РµРјРїР»СЏСЂ РєР»Р°СЃСЃР° ModelFigureTypeWithParameters РґР»СЏ РґР»СЏ РїРѕР»СѓС‡РµРЅРёСЏ С‚РёРїР° Рё РїР°СЂР°РјРµС‚СЂРѕРІ С„РёРіСѓСЂС‹
11.04.2021 13:49:47.159 [main] INFO  r.c.f.task2.Main - 
11.04.2021 13:49:47.204 [main] INFO  r.c.f.task2.Main - РџСЂРѕРіСЂР°РјРјР° Р·Р°РІРµСЂС€РёР»Р°СЃСЊ
11.04.2021 13:50:22.185 [main] INFO  r.c.f.task2.Main - РџСЂРѕРіСЂР°РјРјР° СЃС‚Р°СЂС‚РѕРІР°Р»Р°
11.04.2021 13:50:22.340 [main] INFO  r.c.f.task2.Main - РЎРѕР·РґР°Р»Рё СЌРєР·РµРјРїР»СЏСЂ РєР»Р°СЃСЃР° ReaderFromFile РґР»СЏ СЃС‡РёС‚С‹РІР°РЅРёСЏ СЃ С„Р°Р№Р»Р°
11.04.2021 13:50:22.344 [main] INFO  r.c.f.task2.Main - РЎРѕР·РґР°Р»Рё СЌРєР·РµРјРїР»СЏСЂ РєР»Р°СЃСЃР° ModelFigureTypeWithParameters РґР»СЏ РґР»СЏ РїРѕР»СѓС‡РµРЅРёСЏ С‚РёРїР° Рё РїР°СЂР°РјРµС‚СЂРѕРІ С„РёРіСѓСЂС‹
11.04.2021 13:50:22.346 [main] INFO  r.c.f.task2.Main - 
11.04.2021 13:50:22.360 [main] INFO  r.c.f.task2.Main - РџСЂРѕРіСЂР°РјРјР° Р·Р°РІРµСЂС€РёР»Р°СЃСЊ
11.04.2021 13:50:53.844 [main] INFO  r.c.f.task2.Main - РџСЂРѕРіСЂР°РјРјР° СЃС‚Р°СЂС‚РѕРІР°Р»Р°
11.04.2021 13:50:53.906 [main] INFO  r.c.f.task2.Main - РЎРѕР·РґР°Р»Рё СЌРєР·РµРјРїР»СЏСЂ РєР»Р°СЃСЃР° ReaderFromFile РґР»СЏ СЃС‡РёС‚С‹РІР°РЅРёСЏ СЃ С„Р°Р№Р»Р°
11.04.2021 13:50:53.931 [main] ERROR r.c.f.task2.Main - 2.txt (Не удается найти указанный файл)
java.io.FileNotFoundException: 2.txt (Не удается найти указанный файл)
	at java.base/java.io.FileInputStream.open0(Native Method)
	at java.base/java.io.FileInputStream.open(FileInputStream.java:211)
	at java.base/java.io.FileInputStream.<init>(FileInputStream.java:153)
	at java.base/java.io.FileInputStream.<init>(FileInputStream.java:108)
	at ru.cft.focusstart.task2.ReaderFromFile.readLinesFromFile(ReaderFromFile.java:28)
	at ru.cft.focusstart.task2.ReaderFromFile.getFigureTypeWithParameters(ReaderFromFile.java:16)
	at ru.cft.focusstart.task2.Main.main(Main.java:33)
11.04.2021 13:50:53.932 [main] INFO  r.c.f.task2.Main - РџСЂРѕРіСЂР°РјРјР° Р·Р°РІРµСЂС€РёР»Р°СЃСЊ
11.04.2021 13:55:45.725 [main] INFO  r.c.f.task2.Main - РџСЂРѕРіСЂР°РјРјР° СЃС‚Р°СЂС‚РѕРІР°Р»Р°
11.04.2021 13:55:45.789 [main] INFO  r.c.f.task2.Main - РЎРѕР·РґР°Р»Рё СЌРєР·РµРјРїР»СЏСЂ РєР»Р°СЃСЃР° ReaderFromFile РґР»СЏ СЃС‡РёС‚С‹РІР°РЅРёСЏ СЃ С„Р°Р№Р»Р°
11.04.2021 13:55:45.795 [main] ERROR r.c.f.task2.Main - 2.txt (Не удается найти указанный файл)
java.io.FileNotFoundException: 2.txt (Не удается найти указанный файл)
	at java.base/java.io.FileInputStream.open0(Native Method)
	at java.base/java.io.FileInputStream.open(FileInputStream.java:211)
	at java.base/java.io.FileInputStream.<init>(FileInputStream.java:153)
	at java.base/java.io.FileInputStream.<init>(FileInputStream.java:108)
	at ru.cft.focusstart.task2.ReaderFromFile.readLinesFromFile(ReaderFromFile.java:28)
	at ru.cft.focusstart.task2.ReaderFromFile.getFigureTypeWithParameters(ReaderFromFile.java:16)
	at ru.cft.focusstart.task2.Main.main(Main.java:33)
11.04.2021 13:55:45.796 [main] INFO  r.c.f.task2.Main - РџСЂРѕРіСЂР°РјРјР° Р·Р°РІРµСЂС€РёР»Р°СЃСЊ
11.04.2021 13:57:33.924 [main] INFO  r.c.f.task2.Main - РџСЂРѕРіСЂР°РјРјР° СЃС‚Р°СЂС‚РѕРІР°Р»Р°
11.04.2021 13:57:33.987 [main] INFO  r.c.f.task2.Main - РЎРѕР·РґР°Р»Рё СЌРєР·РµРјРїР»СЏСЂ РєР»Р°СЃСЃР° ReaderFromFile РґР»СЏ СЃС‡РёС‚С‹РІР°РЅРёСЏ СЃ С„Р°Р№Р»Р°
11.04.2021 13:57:33.992 [main] ERROR r.c.f.task2.Main - 2.txt (Не удается найти указанный файл)
java.io.FileNotFoundException: 2.txt (Не удается найти указанный файл)
	at java.base/java.io.FileInputStream.open0(Native Method)
	at java.base/java.io.FileInputStream.open(FileInputStream.java:211)
	at java.base/java.io.FileInputStream.<init>(FileInputStream.java:153)
	at java.base/java.io.FileInputStream.<init>(FileInputStream.java:108)
	at ru.cft.focusstart.task2.ReaderFromFile.readLinesFromFile(ReaderFromFile.java:28)
	at ru.cft.focusstart.task2.ReaderFromFile.getFigureTypeWithParameters(ReaderFromFile.java:16)
	at ru.cft.focusstart.task2.Main.main(Main.java:33)
11.04.2021 13:57:33.993 [main] INFO  r.c.f.task2.Main - РџСЂРѕРіСЂР°РјРјР° Р·Р°РІРµСЂС€РёР»Р°СЃСЊ
11.04.2021 13:58:17.320 [main] INFO  r.c.f.task2.Main - РџСЂРѕРіСЂР°РјРјР° СЃС‚Р°СЂС‚РѕРІР°Р»Р°
11.04.2021 13:58:17.406 [main] INFO  r.c.f.task2.Main - РЎРѕР·РґР°Р»Рё СЌРєР·РµРјРїР»СЏСЂ РєР»Р°СЃСЃР° ReaderFromFile РґР»СЏ СЃС‡РёС‚С‹РІР°РЅРёСЏ СЃ С„Р°Р№Р»Р°
11.04.2021 13:58:17.410 [main] ERROR r.c.f.task2.Main - 2.txt (Не удается найти указанный файл)
java.io.FileNotFoundException: 2.txt (Не удается найти указанный файл)
	at java.base/java.io.FileInputStream.open0(Native Method)
	at java.base/java.io.FileInputStream.open(FileInputStream.java:211)
	at java.base/java.io.FileInputStream.<init>(FileInputStream.java:153)
	at java.base/java.io.FileInputStream.<init>(FileInputStream.java:108)
	at ru.cft.focusstart.task2.ReaderFromFile.readLinesFromFile(ReaderFromFile.java:28)
	at ru.cft.focusstart.task2.ReaderFromFile.getFigureTypeWithParameters(ReaderFromFile.java:16)
	at ru.cft.focusstart.task2.Main.main(Main.java:33)
11.04.2021 13:58:17.411 [main] INFO  r.c.f.task2.Main - РџСЂРѕРіСЂР°РјРјР° Р·Р°РІРµСЂС€РёР»Р°СЃСЊ
11.04.2021 14:06:17.254 [main] INFO  r.c.f.task2.Main - РџСЂРѕРіСЂР°РјРјР° СЃС‚Р°СЂС‚РѕРІР°Р»Р°
11.04.2021 14:06:17.311 [main] INFO  r.c.f.task2.Main - РЎРѕР·РґР°Р»Рё СЌРєР·РµРјРїР»СЏСЂ РєР»Р°СЃСЃР° ReaderFromFile РґР»СЏ СЃС‡РёС‚С‹РІР°РЅРёСЏ СЃ С„Р°Р№Р»Р°
11.04.2021 14:06:59.413 [main] INFO  r.c.f.task2.Main - РџСЂРѕРіСЂР°РјРјР° СЃС‚Р°СЂС‚РѕРІР°Р»Р°
11.04.2021 14:06:59.495 [main] INFO  r.c.f.task2.Main - РЎРѕР·РґР°Р»Рё СЌРєР·РµРјРїР»СЏСЂ РєР»Р°СЃСЃР° ReaderFromFile РґР»СЏ СЃС‡РёС‚С‹РІР°РЅРёСЏ СЃ С„Р°Р№Р»Р°
11.04.2021 14:08:37.016 [main] INFO  r.c.f.task2.Main - РџСЂРѕРіСЂР°РјРјР° СЃС‚Р°СЂС‚РѕРІР°Р»Р°
11.04.2021 14:08:37.114 [main] INFO  r.c.f.task2.Main - РЎРѕР·РґР°Р»Рё СЌРєР·РµРјРїР»СЏСЂ РєР»Р°СЃСЃР° ReaderFromFile РґР»СЏ СЃС‡РёС‚С‹РІР°РЅРёСЏ СЃ С„Р°Р№Р»Р°
11.04.2021 14:18:22.309 [main] INFO  r.c.f.task2.Main - РџСЂРѕРіСЂР°РјРјР° СЃС‚Р°СЂС‚РѕРІР°Р»Р°
11.04.2021 14:18:22.376 [main] INFO  r.c.f.task2.Main - РЎРѕР·РґР°Р»Рё СЌРєР·РµРјРїР»СЏСЂ РєР»Р°СЃСЃР° ReaderFromFile РґР»СЏ СЃС‡РёС‚С‹РІР°РЅРёСЏ СЃ С„Р°Р№Р»Р°
11.04.2021 14:18:36.310 [main] INFO  r.c.f.task2.Main - РџСЂРѕРіСЂР°РјРјР° СЃС‚Р°СЂС‚РѕРІР°Р»Р°
11.04.2021 14:18:36.374 [main] INFO  r.c.f.task2.Main - РЎРѕР·РґР°Р»Рё СЌРєР·РµРјРїР»СЏСЂ РєР»Р°СЃСЃР° ReaderFromFile РґР»СЏ СЃС‡РёС‚С‹РІР°РЅРёСЏ СЃ С„Р°Р№Р»Р°
11.04.2021 14:19:26.649 [main] INFO  r.c.f.task2.Main - РџСЂРѕРіСЂР°РјРјР° СЃС‚Р°СЂС‚РѕРІР°Р»Р°
11.04.2021 14:21:33.442 [main] INFO  r.c.f.task2.Main - РџСЂРѕРіСЂР°РјРјР° СЃС‚Р°СЂС‚РѕРІР°Р»Р°
11.04.2021 14:22:37.247 [main] INFO  r.c.f.task2.Main - РџСЂРѕРіСЂР°РјРјР° СЃС‚Р°СЂС‚РѕРІР°Р»Р°
11.04.2021 14:23:57.537 [main] INFO  r.c.f.task2.Main - РџСЂРѕРіСЂР°РјРјР° СЃС‚Р°СЂС‚РѕРІР°Р»Р°
11.04.2021 14:23:57.597 [main] INFO  r.c.f.task2.Main - РЎРѕР·РґР°Р»Рё СЌРєР·РµРјРїР»СЏСЂ РєР»Р°СЃСЃР° ReaderFromFile РґР»СЏ СЃС‡РёС‚С‹РІР°РЅРёСЏ СЃ С„Р°Р№Р»Р°
11.04.2021 14:27:51.345 [main] INFO  r.c.f.task2.Main - РџСЂРѕРіСЂР°РјРјР° СЃС‚Р°СЂС‚РѕРІР°Р»Р°
11.04.2021 14:27:51.411 [main] INFO  r.c.f.task2.Main - РЎРѕР·РґР°Р»Рё СЌРєР·РµРјРїР»СЏСЂ РєР»Р°СЃСЃР° ReaderFromFile РґР»СЏ СЃС‡РёС‚С‹РІР°РЅРёСЏ СЃ С„Р°Р№Р»Р°
11.04.2021 14:34:49.241 [main] INFO  r.c.f.task2.Main - РџСЂРѕРіСЂР°РјРјР° СЃС‚Р°СЂС‚РѕРІР°Р»Р°
11.04.2021 14:35:27.282 [main] INFO  r.c.f.task2.Main - РџСЂРѕРіСЂР°РјРјР° СЃС‚Р°СЂС‚РѕРІР°Р»Р°
11.04.2021 14:36:20.661 [main] INFO  r.c.f.task2.Main - РџСЂРѕРіСЂР°РјРјР° СЃС‚Р°СЂС‚РѕРІР°Р»Р°
11.04.2021 14:36:56.232 [main] INFO  r.c.f.task2.Main - РџСЂРѕРіСЂР°РјРјР° СЃС‚Р°СЂС‚РѕРІР°Р»Р°
11.04.2021 14:37:38.556 [main] INFO  r.c.f.task2.Main - РџСЂРѕРіСЂР°РјРјР° СЃС‚Р°СЂС‚РѕРІР°Р»Р°
11.04.2021 14:38:29.276 [main] INFO  r.c.f.task2.Main - РџСЂРѕРіСЂР°РјРјР° СЃС‚Р°СЂС‚РѕРІР°Р»Р°
11.04.2021 14:38:29.355 [main] INFO  r.c.f.task2.Main - РЎРѕР·РґР°Р»Рё СЌРєР·РµРјРїР»СЏСЂ РєР»Р°СЃСЃР° ReaderFromFile РґР»СЏ СЃС‡РёС‚С‹РІР°РЅРёСЏ СЃ С„Р°Р№Р»Р°
11.04.2021 14:38:29.364 [main] ERROR r.c.f.task2.Main - trr (Не удается найти указанный файл)
java.io.FileNotFoundException: trr (Не удается найти указанный файл)
	at java.base/java.io.FileInputStream.open0(Native Method)
	at java.base/java.io.FileInputStream.open(FileInputStream.java:211)
	at java.base/java.io.FileInputStream.<init>(FileInputStream.java:153)
	at java.base/java.io.FileInputStream.<init>(FileInputStream.java:108)
	at ru.cft.focusstart.task2.ReaderFromFile.readLinesFromFile(ReaderFromFile.java:28)
	at ru.cft.focusstart.task2.ReaderFromFile.getFigureTypeWithParameters(ReaderFromFile.java:16)
	at ru.cft.focusstart.task2.Main.main(Main.java:30)
11.04.2021 14:38:29.365 [main] INFO  r.c.f.task2.Main - РџСЂРѕРіСЂР°РјРјР° Р·Р°РІРµСЂС€РёР»Р°СЃСЊ
11.04.2021 14:39:37.838 [main] INFO  r.c.f.task2.Main - РџСЂРѕРіСЂР°РјРјР° СЃС‚Р°СЂС‚РѕРІР°Р»Р°
11.04.2021 14:39:37.903 [main] INFO  r.c.f.task2.Main - РЎРѕР·РґР°Р»Рё СЌРєР·РµРјРїР»СЏСЂ РєР»Р°СЃСЃР° ReaderFromFile РґР»СЏ СЃС‡РёС‚С‹РІР°РЅРёСЏ СЃ С„Р°Р№Р»Р°
11.04.2021 14:51:14.776 [main] INFO  r.c.f.task2.Main - РџСЂРѕРіСЂР°РјРјР° СЃС‚Р°СЂС‚РѕРІР°Р»Р°
11.04.2021 14:51:37.543 [main] INFO  r.c.f.task2.Main - РџСЂРѕРіСЂР°РјРјР° СЃС‚Р°СЂС‚РѕРІР°Р»Р°
11.04.2021 14:51:37.599 [main] INFO  r.c.f.task2.Main - РЎРѕР·РґР°Р»Рё СЌРєР·РµРјРїР»СЏСЂ РєР»Р°СЃСЃР° ReaderFromFile РґР»СЏ СЃС‡РёС‚С‹РІР°РЅРёСЏ СЃ С„Р°Р№Р»Р°
11.04.2021 14:56:50.532 [main] INFO  r.c.f.task2.Main - РџСЂРѕРіСЂР°РјРјР° СЃС‚Р°СЂС‚РѕРІР°Р»Р°
11.04.2021 14:58:37.236 [main] INFO  r.c.f.task2.Main - РџСЂРѕРіСЂР°РјРјР° СЃС‚Р°СЂС‚РѕРІР°Р»Р°
11.04.2021 15:01:22.029 [main] INFO  r.c.f.task2.Main - РџСЂРѕРіСЂР°РјРјР° СЃС‚Р°СЂС‚РѕРІР°Р»Р°
11.04.2021 15:01:59.500 [main] INFO  r.c.f.task2.Main - РџСЂРѕРіСЂР°РјРјР° СЃС‚Р°СЂС‚РѕРІР°Р»Р°
11.04.2021 22:27:04.121 [main] INFO  r.c.f.task2.Main - РџСЂРѕРіСЂР°РјРјР° СЃС‚Р°СЂС‚РѕРІР°Р»Р°
11.04.2021 22:28:07.045 [main] INFO  r.c.f.task2.Main - РџСЂРѕРіСЂР°РјРјР° СЃС‚Р°СЂС‚РѕРІР°Р»Р°
11.04.2021 22:28:07.146 [main] INFO  r.c.f.task2.Main - РЎРѕР·РґР°Р»Рё СЌРєР·РµРјРїР»СЏСЂ РєР»Р°СЃСЃР° ReaderFromFile РґР»СЏ СЃС‡РёС‚С‹РІР°РЅРёСЏ СЃ С„Р°Р№Р»Р°
11.04.2021 22:28:07.169 [main] INFO  r.c.f.task2.Main - РЎРѕР·РґР°Р»Рё СЌРєР·РµРјРїР»СЏСЂ РєР»Р°СЃСЃР° ModelFigureTypeWithParameters РґР»СЏ РґР»СЏ РїРѕР»СѓС‡РµРЅРёСЏ С‚РёРїР° Рё РїР°СЂР°РјРµС‚СЂРѕРІ С„РёРіСѓСЂС‹
11.04.2021 22:28:07.187 [main] INFO  r.c.f.task2.Main - 
11.04.2021 22:28:07.210 [main] INFO  r.c.f.task2.Main - РџСЂРѕРіСЂР°РјРјР° Р·Р°РІРµСЂС€РёР»Р°СЃСЊ
11.04.2021 22:28:42.907 [main] INFO  r.c.f.task2.Main - РџСЂРѕРіСЂР°РјРјР° СЃС‚Р°СЂС‚РѕРІР°Р»Р°
11.04.2021 22:30:49.009 [main] INFO  r.c.f.task2.Main - РџСЂРѕРіСЂР°РјРјР° СЃС‚Р°СЂС‚РѕРІР°Р»Р°
11.04.2021 22:35:31.289 [main] INFO  r.c.f.task2.Main - РџСЂРѕРіСЂР°РјРјР° СЃС‚Р°СЂС‚РѕРІР°Р»Р°
11.04.2021 22:35:31.350 [main] INFO  r.c.f.task2.Main - РЎРѕР·РґР°Р»Рё СЌРєР·РµРјРїР»СЏСЂ РєР»Р°СЃСЃР° ReaderFromFile РґР»СЏ СЃС‡РёС‚С‹РІР°РЅРёСЏ СЃ С„Р°Р№Р»Р°
11.04.2021 22:35:31.353 [main] INFO  r.c.f.task2.Main - РЎРѕР·РґР°Р»Рё СЌРєР·РµРјРїР»СЏСЂ РєР»Р°СЃСЃР° ModelFigureTypeWithParameters РґР»СЏ РґР»СЏ РїРѕР»СѓС‡РµРЅРёСЏ С‚РёРїР° Рё РїР°СЂР°РјРµС‚СЂРѕРІ С„РёРіСѓСЂС‹
11.04.2021 22:35:31.356 [main] INFO  r.c.f.task2.Main - 
11.04.2021 22:35:31.367 [main] INFO  r.c.f.task2.Main - РџСЂРѕРіСЂР°РјРјР° Р·Р°РІРµСЂС€РёР»Р°СЃСЊ
11.04.2021 23:01:03.201 [main] INFO  r.c.f.task2.Main - РџСЂРѕРіСЂР°РјРјР° СЃС‚Р°СЂС‚РѕРІР°Р»Р°
11.04.2021 23:42:23.024 [main] INFO  r.c.f.task2.Main - РџСЂРѕРіСЂР°РјРјР° СЃС‚Р°СЂС‚РѕРІР°Р»Р°
11.04.2021 23:42:23.035 [main] INFO  r.c.f.task2.Main - РЎРѕР·РґР°Р»Рё СЌРєР·РµРјРїР»СЏСЂ РєР»Р°СЃСЃР° ReaderFromFile РґР»СЏ СЃС‡РёС‚С‹РІР°РЅРёСЏ СЃ С„Р°Р№Р»Р°
11.04.2021 23:50:16.023 [main] INFO  r.c.f.task2.Main - РџСЂРѕРіСЂР°РјРјР° СЃС‚Р°СЂС‚РѕРІР°Р»Р°
11.04.2021 23:50:55.027 [main] INFO  r.c.f.task2.Main - РџСЂРѕРіСЂР°РјРјР° СЃС‚Р°СЂС‚РѕРІР°Р»Р°
11.04.2021 23:50:55.096 [main] INFO  r.c.f.task2.Main - РЎРѕР·РґР°Р»Рё СЌРєР·РµРјРїР»СЏСЂ РєР»Р°СЃСЃР° ReaderFromFile РґР»СЏ СЃС‡РёС‚С‹РІР°РЅРёСЏ СЃ С„Р°Р№Р»Р°
11.04.2021 23:50:55.155 [main] INFO  r.c.f.task2.Main - РЎРѕР·РґР°Р»Рё СЌРєР·РµРјРїР»СЏСЂ РєР»Р°СЃСЃР° ModelFigureTypeWithParameters РґР»СЏ РґР»СЏ РїРѕР»СѓС‡РµРЅРёСЏ С‚РёРїР° Рё РїР°СЂР°РјРµС‚СЂРѕРІ С„РёРіСѓСЂС‹
11.04.2021 23:50:55.157 [main] INFO  r.c.f.task2.Main - 
11.04.2021 23:50:55.172 [main] INFO  r.c.f.task2.Main - РџСЂРѕРіСЂР°РјРјР° Р·Р°РІРµСЂС€РёР»Р°СЃСЊ
12.04.2021 00:25:45.541 [main] INFO  r.c.f.task2.Main - РџСЂРѕРіСЂР°РјРјР° СЃС‚Р°СЂС‚РѕРІР°Р»Р°
12.04.2021 00:25:45.605 [main] INFO  r.c.f.task2.Main - РЎРѕР·РґР°Р»Рё СЌРєР·РµРјРїР»СЏСЂ РєР»Р°СЃСЃР° ReaderFromFile РґР»СЏ СЃС‡РёС‚С‹РІР°РЅРёСЏ СЃ С„Р°Р№Р»Р°
12.04.2021 00:25:45.608 [main] INFO  r.c.f.task2.Main - РЎРѕР·РґР°Р»Рё СЌРєР·РµРјРїР»СЏСЂ РєР»Р°СЃСЃР° ModelFigureTypeWithParameters РґР»СЏ РґР»СЏ РїРѕР»СѓС‡РµРЅРёСЏ С‚РёРїР° Рё РїР°СЂР°РјРµС‚СЂРѕРІ С„РёРіСѓСЂС‹
12.04.2021 00:25:45.610 [main] INFO  r.c.f.task2.Main - 
12.04.2021 00:25:45.625 [main] INFO  r.c.f.task2.Main - РџСЂРѕРіСЂР°РјРјР° Р·Р°РІРµСЂС€РёР»Р°СЃСЊ
12.04.2021 00:26:31.123 [main] INFO  r.c.f.task2.Main - РџСЂРѕРіСЂР°РјРјР° СЃС‚Р°СЂС‚РѕРІР°Р»Р°
12.04.2021 00:26:31.186 [main] INFO  r.c.f.task2.Main - РЎРѕР·РґР°Р»Рё СЌРєР·РµРјРїР»СЏСЂ РєР»Р°СЃСЃР° ReaderFromFile РґР»СЏ СЃС‡РёС‚С‹РІР°РЅРёСЏ СЃ С„Р°Р№Р»Р°
12.04.2021 00:26:31.189 [main] INFO  r.c.f.task2.Main - РЎРѕР·РґР°Р»Рё СЌРєР·РµРјРїР»СЏСЂ РєР»Р°СЃСЃР° ModelFigureTypeWithParameters РґР»СЏ РґР»СЏ РїРѕР»СѓС‡РµРЅРёСЏ С‚РёРїР° Рё РїР°СЂР°РјРµС‚СЂРѕРІ С„РёРіСѓСЂС‹
12.04.2021 00:26:31.191 [main] INFO  r.c.f.task2.Main - 
12.04.2021 00:26:31.204 [main] INFO  r.c.f.task2.Main - РџСЂРѕРіСЂР°РјРјР° Р·Р°РІРµСЂС€РёР»Р°СЃСЊ
12.04.2021 00:28:04.138 [main] INFO  r.c.f.task2.Main - РџСЂРѕРіСЂР°РјРјР° СЃС‚Р°СЂС‚РѕРІР°Р»Р°
12.04.2021 00:28:04.187 [main] INFO  r.c.f.task2.Main - РЎРѕР·РґР°Р»Рё СЌРєР·РµРјРїР»СЏСЂ РєР»Р°СЃСЃР° ReaderFromFile РґР»СЏ СЃС‡РёС‚С‹РІР°РЅРёСЏ СЃ С„Р°Р№Р»Р°
12.04.2021 00:28:04.189 [main] INFO  r.c.f.task2.Main - РЎРѕР·РґР°Р»Рё СЌРєР·РµРјРїР»СЏСЂ РєР»Р°СЃСЃР° ModelFigureTypeWithParameters РґР»СЏ РґР»СЏ РїРѕР»СѓС‡РµРЅРёСЏ С‚РёРїР° Рё РїР°СЂР°РјРµС‚СЂРѕРІ С„РёРіСѓСЂС‹
12.04.2021 00:28:04.192 [main] INFO  r.c.f.task2.Main - 
12.04.2021 00:28:04.203 [main] INFO  r.c.f.task2.Main - РџСЂРѕРіСЂР°РјРјР° Р·Р°РІРµСЂС€РёР»Р°СЃСЊ
12.04.2021 00:39:45.513 [main] INFO  r.c.f.task2.Main - РџСЂРѕРіСЂР°РјРјР° СЃС‚Р°СЂС‚РѕРІР°Р»Р°
12.04.2021 00:39:45.577 [main] INFO  r.c.f.task2.Main - РЎРѕР·РґР°Р»Рё СЌРєР·РµРјРїР»СЏСЂ РєР»Р°СЃСЃР° ReaderFromFile РґР»СЏ СЃС‡РёС‚С‹РІР°РЅРёСЏ СЃ С„Р°Р№Р»Р°
12.04.2021 00:39:45.580 [main] INFO  r.c.f.task2.Main - РЎРѕР·РґР°Р»Рё СЌРєР·РµРјРїР»СЏСЂ РєР»Р°СЃСЃР° ModelFigureTypeWithParameters РґР»СЏ РґР»СЏ РїРѕР»СѓС‡РµРЅРёСЏ С‚РёРїР° Рё РїР°СЂР°РјРµС‚СЂРѕРІ С„РёРіСѓСЂС‹
12.04.2021 00:39:45.582 [main] INFO  r.c.f.task2.Main - 
12.04.2021 00:39:45.592 [main] INFO  r.c.f.task2.Main - РџСЂРѕРіСЂР°РјРјР° Р·Р°РІРµСЂС€РёР»Р°СЃСЊ
12.04.2021 00:40:58.003 [main] INFO  r.c.f.task2.Main - РџСЂРѕРіСЂР°РјРјР° СЃС‚Р°СЂС‚РѕРІР°Р»Р°
12.04.2021 00:40:58.059 [main] INFO  r.c.f.task2.Main - РЎРѕР·РґР°Р»Рё СЌРєР·РµРјРїР»СЏСЂ РєР»Р°СЃСЃР° ReaderFromFile РґР»СЏ СЃС‡РёС‚С‹РІР°РЅРёСЏ СЃ С„Р°Р№Р»Р°
12.04.2021 00:40:58.147 [main] ERROR r.c.f.task2.Main - 1.txt (Не удается найти указанный файл)
java.io.FileNotFoundException: 1.txt (Не удается найти указанный файл)
	at java.base/java.io.FileInputStream.open0(Native Method)
	at java.base/java.io.FileInputStream.open(FileInputStream.java:211)
	at java.base/java.io.FileInputStream.<init>(FileInputStream.java:153)
	at java.base/java.io.FileInputStream.<init>(FileInputStream.java:108)
	at ru.cft.focusstart.task2.ReaderFromFile.readLinesFromFile(ReaderFromFile.java:28)
	at ru.cft.focusstart.task2.ReaderFromFile.getFigureTypeWithParameters(ReaderFromFile.java:16)
	at ru.cft.focusstart.task2.Main.main(Main.java:20)
12.04.2021 00:40:58.148 [main] INFO  r.c.f.task2.Main - РџСЂРѕРіСЂР°РјРјР° Р·Р°РІРµСЂС€РёР»Р°СЃСЊ
12.04.2021 01:10:36.349 [main] INFO  r.c.f.task2.Main - РџСЂРѕРіСЂР°РјРјР° СЃС‚Р°СЂС‚РѕРІР°Р»Р°
12.04.2021 01:10:36.414 [main] INFO  r.c.f.task2.Main - РЎРѕР·РґР°Р»Рё СЌРєР·РµРјРїР»СЏСЂ РєР»Р°СЃСЃР° ReaderFromFile РґР»СЏ СЃС‡РёС‚С‹РІР°РЅРёСЏ СЃ С„Р°Р№Р»Р°
12.04.2021 01:10:36.479 [main] INFO  r.c.f.task2.Main - РЎРѕР·РґР°Р»Рё СЌРєР·РµРјРїР»СЏСЂ РєР»Р°СЃСЃР° ModelFigureTypeWithParameters РґР»СЏ РґР»СЏ РїРѕР»СѓС‡РµРЅРёСЏ С‚РёРїР° Рё РїР°СЂР°РјРµС‚СЂРѕРІ С„РёРіСѓСЂС‹
12.04.2021 01:10:36.482 [main] INFO  r.c.f.task2.Main - РЎРѕР·РґР°Р»Рё СЌРєР·РµРјРїР»СЏСЂ РєР»Р°СЃСЃР° FiguresFactory
12.04.2021 01:10:36.508 [main] INFO  r.c.f.task2.Main - РЎРѕР·РґР°Р»Рё РєРѕРЅРєСЂРµС‚РЅСѓСЋ С„РёРіСѓСЂСѓ
12.04.2021 01:10:36.510 [main] INFO  r.c.f.task2.Main - РЎРѕР·РґР°Р»Рё СЌРєР·РµРјРїР»СЏСЂ РєР»Р°СЃР°: 
12.04.2021 01:10:36.580 [main] INFO  r.c.f.task2.Main - РџСЂРѕРіСЂР°РјРјР° Р·Р°РІРµСЂС€РёР»Р°СЃСЊ
12.04.2021 01:11:40.039 [main] INFO  r.c.f.task2.Main - РџСЂРѕРіСЂР°РјРјР° СЃС‚Р°СЂС‚РѕРІР°Р»Р°
12.04.2021 01:11:40.090 [main] INFO  r.c.f.task2.Main - РЎРѕР·РґР°Р»Рё СЌРєР·РµРјРїР»СЏСЂ РєР»Р°СЃСЃР° ReaderFromFile РґР»СЏ СЃС‡РёС‚С‹РІР°РЅРёСЏ СЃ С„Р°Р№Р»Р°
12.04.2021 01:11:40.092 [main] INFO  r.c.f.task2.Main - РЎРѕР·РґР°Р»Рё СЌРєР·РµРјРїР»СЏСЂ РєР»Р°СЃСЃР° ModelFigureTypeWithParameters РґР»СЏ РґР»СЏ РїРѕР»СѓС‡РµРЅРёСЏ С‚РёРїР° Рё РїР°СЂР°РјРµС‚СЂРѕРІ С„РёРіСѓСЂС‹
12.04.2021 01:11:40.094 [main] INFO  r.c.f.task2.Main - РЎРѕР·РґР°Р»Рё СЌРєР·РµРјРїР»СЏСЂ РєР»Р°СЃСЃР° FiguresFactory
12.04.2021 01:11:40.096 [main] INFO  r.c.f.task2.Main - РЎРѕР·РґР°Р»Рё РєРѕРЅРєСЂРµС‚РЅСѓСЋ С„РёРіСѓСЂСѓ
12.04.2021 01:11:40.098 [main] INFO  r.c.f.task2.Main - РЎРѕР·РґР°Р»Рё СЌРєР·РµРјРїР»СЏСЂ РєР»Р°СЃР°: ru.cft.focusstart.task2.DataOutputFormat 
12.04.2021 01:11:40.106 [main] INFO  r.c.f.task2.Main - РџСЂРѕРіСЂР°РјРјР° Р·Р°РІРµСЂС€РёР»Р°СЃСЊ
12.04.2021 01:16:26.123 [main] INFO  r.c.f.task2.Main - РџСЂРѕРіСЂР°РјРјР° СЃС‚Р°СЂС‚РѕРІР°Р»Р°
12.04.2021 01:16:26.195 [main] INFO  r.c.f.task2.Main - РЎРѕР·РґР°Р»Рё СЌРєР·РµРјРїР»СЏСЂ РєР»Р°СЃР°: ru.cft.focusstart.task2.ParserCommandLineArguments
12.04.2021 01:16:26.200 [main] INFO  r.c.f.task2.Main - РЎРѕР·РґР°Р»Рё СЌРєР·РµРјРїР»СЏСЂ РєР»Р°СЃР°: ru.cft.focusstart.task2.ReaderFromFile 
12.04.2021 01:16:26.204 [main] INFO  r.c.f.task2.Main - РЎРѕР·РґР°Р»Рё СЌРєР·РµРјРїР»СЏСЂ РєР»Р°СЃР°: ru.cft.focusstart.task2.ModelFigureTypeWithParameters 
12.04.2021 01:16:26.207 [main] INFO  r.c.f.task2.Main - РЎРѕР·РґР°Р»Рё СЌРєР·РµРјРїР»СЏСЂ РєР»Р°СЃСЃР°: ru.cft.focusstart.task2.FiguresFactory
12.04.2021 01:16:26.213 [main] INFO  r.c.f.task2.Main - РЎРѕР·РґР°Р»Рё СЌРєР·РµРјРїР»СЏСЂ РєР»Р°СЃР°: ru.cft.focusstart.task2.Figures 
12.04.2021 01:16:26.215 [main] INFO  r.c.f.task2.Main - РЎРѕР·РґР°Р»Рё СЌРєР·РµРјРїР»СЏСЂ РєР»Р°СЃР°: ru.cft.focusstart.task2.DataOutputFormat 
12.04.2021 01:16:26.227 [main] INFO  r.c.f.task2.Main - РџСЂРѕРіСЂР°РјРјР° Р·Р°РІРµСЂС€РёР»Р°СЃСЊ
12.04.2021 01:20:27.743 [main] INFO  r.c.f.task2.Main - РџСЂРѕРіСЂР°РјРјР° СЃС‚Р°СЂС‚РѕРІР°Р»Р°
12.04.2021 01:20:27.802 [main] INFO  r.c.f.task2.Main - РЎРѕР·РґР°Р»Рё СЌРєР·РµРјРїР»СЏСЂ РєР»Р°СЃcР°: ru.cft.focusstart.task2.ParserCommandLineArguments
12.04.2021 01:20:27.809 [main] INFO  r.c.f.task2.Main - РЎРѕР·РґР°Р»Рё СЌРєР·РµРјРїР»СЏСЂ РєР»Р°СЃcР°: ru.cft.focusstart.task2.ReaderFromFile 
12.04.2021 01:20:27.813 [main] INFO  r.c.f.task2.Main - РЎРѕР·РґР°Р»Рё СЌРєР·РµРјРїР»СЏСЂ РєР»Р°СЃcР°: ru.cft.focusstart.task2.ModelFigureTypeWithParameters 
12.04.2021 01:20:27.817 [main] INFO  r.c.f.task2.Main - РЎРѕР·РґР°Р»Рё СЌРєР·РµРјРїР»СЏСЂ РєР»Р°СЃСЃР°: ru.cft.focusstart.task2.FiguresFactory
12.04.2021 01:20:27.822 [main] INFO  r.c.f.task2.Main - РЎРѕР·РґР°Р»Рё СЌРєР·РµРјРїР»СЏСЂ РєР»Р°СЃcР°: ru.cft.focusstart.task2.Figures 
12.04.2021 01:20:27.825 [main] INFO  r.c.f.task2.Main - РЎРѕР·РґР°Р»Рё СЌРєР·РµРјРїР»СЏСЂ РєР»Р°СЃcР°: ru.cft.focusstart.task2.DataOutputFormat 
12.04.2021 01:20:27.842 [main] INFO  r.c.f.task2.Main - Р’С‹РІРµР»Рё РїР°СЂР°РјРµС‚СЂС‹
12.04.2021 01:20:27.842 [main] INFO  r.c.f.task2.Main - РџСЂРѕРіСЂР°РјРјР° Р·Р°РІРµСЂС€РёР»Р°СЃСЊ
12.04.2021 01:21:23.860 [main] INFO  r.c.f.task2.Main - РџСЂРѕРіСЂР°РјРјР° СЃС‚Р°СЂС‚РѕРІР°Р»Р°
12.04.2021 01:21:23.918 [main] INFO  r.c.f.task2.Main - РЎРѕР·РґР°Р»Рё СЌРєР·РµРјРїР»СЏСЂ РєР»Р°СЃcР°: ru.cft.focusstart.task2.ParserCommandLineArguments
12.04.2021 01:21:23.922 [main] INFO  r.c.f.task2.Main - РЎРѕР·РґР°Р»Рё СЌРєР·РµРјРїР»СЏСЂ РєР»Р°СЃcР°: ru.cft.focusstart.task2.ReaderFromFile 
12.04.2021 01:21:23.925 [main] INFO  r.c.f.task2.Main - РЎРѕР·РґР°Р»Рё СЌРєР·РµРјРїР»СЏСЂ РєР»Р°СЃcР°: ru.cft.focusstart.task2.ModelFigureTypeWithParameters 
12.04.2021 01:21:23.928 [main] INFO  r.c.f.task2.Main - РЎРѕР·РґР°Р»Рё СЌРєР·РµРјРїР»СЏСЂ РєР»Р°СЃСЃР°: ru.cft.focusstart.task2.FiguresFactory
12.04.2021 01:21:23.930 [main] INFO  r.c.f.task2.Main - РЎРѕР·РґР°Р»Рё СЌРєР·РµРјРїР»СЏСЂ РєР»Р°СЃcР°: ru.cft.focusstart.task2.Circle 
12.04.2021 01:21:23.932 [main] INFO  r.c.f.task2.Main - РЎРѕР·РґР°Р»Рё СЌРєР·РµРјРїР»СЏСЂ РєР»Р°СЃcР°: ru.cft.focusstart.task2.DataOutputFormat 
12.04.2021 01:21:23.940 [main] INFO  r.c.f.task2.Main - Р’С‹РІРµР»Рё РїР°СЂР°РјРµС‚СЂС‹
12.04.2021 01:21:23.940 [main] INFO  r.c.f.task2.Main - РџСЂРѕРіСЂР°РјРјР° Р·Р°РІРµСЂС€РёР»Р°СЃСЊ
12.04.2021 01:28:02.998 [main] INFO  r.c.f.task2.Main - РџСЂРѕРіСЂР°РјРјР° СЃС‚Р°СЂС‚РѕРІР°Р»Р°
12.04.2021 01:28:03.047 [main] INFO  r.c.f.task2.Main - РЎРѕР·РґР°Р»Рё СЌРєР·РµРјРїР»СЏСЂ РєР»Р°СЃcР°: ru.cft.focusstart.task2.ParserCommandLineArguments
12.04.2021 01:28:03.051 [main] INFO  r.c.f.task2.Main - РЎРѕР·РґР°Р»Рё СЌРєР·РµРјРїР»СЏСЂ РєР»Р°СЃcР°: ru.cft.focusstart.task2.ReaderFromFile 
12.04.2021 01:28:03.054 [main] INFO  r.c.f.task2.Main - РЎРѕР·РґР°Р»Рё СЌРєР·РµРјРїР»СЏСЂ РєР»Р°СЃcР°: ru.cft.focusstart.task2.ModelFigureTypeWithParameters 
12.04.2021 01:28:03.057 [main] INFO  r.c.f.task2.Main - РЎРѕР·РґР°Р»Рё СЌРєР·РµРјРїР»СЏСЂ РєР»Р°СЃСЃР°: ru.cft.focusstart.task2.FiguresFactory
12.04.2021 01:28:03.061 [main] INFO  r.c.f.task2.Main - РЎРѕР·РґР°Р»Рё СЌРєР·РµРјРїР»СЏСЂ РєР»Р°СЃcР°: ru.cft.focusstart.task2.Circle 
12.04.2021 01:28:03.063 [main] INFO  r.c.f.task2.Main - РЎРѕР·РґР°Р»Рё СЌРєР·РµРјРїР»СЏСЂ РєР»Р°СЃcР°: ru.cft.focusstart.task2.DataOutputFormat 
12.04.2021 01:28:03.071 [main] INFO  r.c.f.task2.Main - Р’С‹РІРµР»Рё РїР°СЂР°РјРµС‚СЂС‹ С„РёРіСѓСЂС‹ РІ С„Р°Р№Р»: 2.tt
12.04.2021 01:28:03.073 [main] INFO  r.c.f.task2.Main - РџСЂРѕРіСЂР°РјРјР° Р·Р°РІРµСЂС€РёР»Р°СЃСЊ
12.04.2021 01:39:18.406 [main] INFO  r.c.f.task2.Main - РџСЂРѕРіСЂР°РјРјР° СЃС‚Р°СЂС‚РѕРІР°Р»Р°
12.04.2021 01:39:18.468 [main] INFO  r.c.f.task2.Main - РЎРѕР·РґР°Р»Рё СЌРєР·РµРјРїР»СЏСЂ РєР»Р°СЃСЃР°: ru.cft.focusstart.task2.ParserCommandLineArguments
12.04.2021 01:39:18.473 [main] INFO  r.c.f.task2.Main - РЎРѕР·РґР°Р»Рё СЌРєР·РµРјРїР»СЏСЂ РєР»Р°СЃСЃР°: ru.cft.focusstart.task2.ReaderFromFile 
12.04.2021 01:39:18.477 [main] INFO  r.c.f.task2.Main - РЎРѕР·РґР°Р»Рё СЌРєР·РµРјРїР»СЏСЂ РєР»Р°СЃСЃР°: ru.cft.focusstart.task2.ModelFigureTypeWithParameters 
12.04.2021 01:39:18.479 [main] INFO  r.c.f.task2.Main - РЎРѕР·РґР°Р»Рё СЌРєР·РµРјРїР»СЏСЂ РєР»Р°СЃСЃР°: ru.cft.focusstart.task2.FiguresFactory
12.04.2021 01:39:18.481 [main] INFO  r.c.f.task2.Main - РЎРѕР·РґР°Р»Рё СЌРєР·РµРјРїР»СЏСЂ РєР»Р°СЃСЃР°: ru.cft.focusstart.task2.Circle 
12.04.2021 01:39:18.483 [main] INFO  r.c.f.task2.Main - РЎРѕР·РґР°Р»Рё СЌРєР·РµРјРїР»СЏСЂ РєР»Р°СЃСЃР°: ru.cft.focusstart.task2.DataOutputFormat 
12.04.2021 01:39:18.493 [main] INFO  r.c.f.task2.Main - Р’С‹РІРµР»Рё РїР°СЂР°РјРµС‚СЂС‹ С„РёРіСѓСЂС‹ РІ С„Р°Р№Р»: 2.tt
12.04.2021 01:39:18.494 [main] INFO  r.c.f.task2.Main - РџСЂРѕРіСЂР°РјРјР° Р·Р°РІРµСЂС€РёР»Р°СЃСЊ
12.04.2021 01:41:31.444 [main] INFO  r.c.f.task2.Main - РџСЂРѕРіСЂР°РјРјР° СЃС‚Р°СЂС‚РѕРІР°Р»Р°
12.04.2021 01:41:31.493 [main] INFO  r.c.f.task2.Main - РЎРѕР·РґР°Р»Рё СЌРєР·РµРјРїР»СЏСЂ ru.cft.focusstart.task2.ParserCommandLineArguments@12c8a2c0 РєР»Р°СЃСЃР°: ru.cft.focusstart.task2.ParserCommandLineArguments
12.04.2021 01:41:31.496 [main] INFO  r.c.f.task2.Main - РЎРѕР·РґР°Р»Рё СЌРєР·РµРјРїР»СЏСЂ РєР»Р°СЃСЃР°: ru.cft.focusstart.task2.ReaderFromFile 
12.04.2021 01:41:31.499 [main] INFO  r.c.f.task2.Main - РЎРѕР·РґР°Р»Рё СЌРєР·РµРјРїР»СЏСЂ РєР»Р°СЃСЃР°: ru.cft.focusstart.task2.ModelFigureTypeWithParameters 
12.04.2021 01:41:31.501 [main] INFO  r.c.f.task2.Main - РЎРѕР·РґР°Р»Рё СЌРєР·РµРјРїР»СЏСЂ РєР»Р°СЃСЃР°: ru.cft.focusstart.task2.FiguresFactory
12.04.2021 01:41:31.504 [main] INFO  r.c.f.task2.Main - РЎРѕР·РґР°Р»Рё СЌРєР·РµРјРїР»СЏСЂ РєР»Р°СЃСЃР°: ru.cft.focusstart.task2.Circle 
12.04.2021 01:41:31.505 [main] INFO  r.c.f.task2.Main - РЎРѕР·РґР°Р»Рё СЌРєР·РµРјРїР»СЏСЂ РєР»Р°СЃСЃР°: ru.cft.focusstart.task2.DataOutputFormat 
12.04.2021 01:41:31.512 [main] INFO  r.c.f.task2.Main - Р’С‹РІРµР»Рё РїР°СЂР°РјРµС‚СЂС‹ С„РёРіСѓСЂС‹ РІ С„Р°Р№Р»: 2.tt
12.04.2021 01:41:31.513 [main] INFO  r.c.f.task2.Main - РџСЂРѕРіСЂР°РјРјР° Р·Р°РІРµСЂС€РёР»Р°СЃСЊ
12.04.2021 01:48:30.066 [main] INFO  r.c.f.task2.Main - РџСЂРѕРіСЂР°РјРјР° СЃС‚Р°СЂС‚РѕРІР°Р»Р°
12.04.2021 01:48:30.124 [main] INFO  r.c.f.task2.Main - РЎРѕР·РґР°Р»Рё СЌРєР·РµРјРїР»СЏСЂ РєР»Р°СЃСЃР°: ru.cft.focusstart.task2.ParserCommandLineArguments
12.04.2021 01:48:30.128 [main] INFO  r.c.f.task2.Main - РЎРѕР·РґР°Р»Рё СЌРєР·РµРјРїР»СЏСЂ РєР»Р°СЃСЃР°: ru.cft.focusstart.task2.ReaderFromFile 
12.04.2021 01:48:30.131 [main] INFO  r.c.f.task2.Main - РЎРѕР·РґР°Р»Рё СЌРєР·РµРјРїР»СЏСЂ РєР»Р°СЃСЃР°: ru.cft.focusstart.task2.ModelFigureTypeWithParameters 
12.04.2021 01:48:30.133 [main] INFO  r.c.f.task2.Main - РЎРѕР·РґР°Р»Рё СЌРєР·РµРјРїР»СЏСЂ РєР»Р°СЃСЃР°: ru.cft.focusstart.task2.FiguresFactory
12.04.2021 01:48:30.135 [main] INFO  r.c.f.task2.Circle - РЎРѕР·РґР°Р»Рё СЌРєР·РµРјРїР»СЏСЂ РєР»Р°СЃСЃР°: ru.cft.focusstart.task2.Circle 
12.04.2021 01:48:30.136 [main] INFO  r.c.f.task2.Main - РЎРѕР·РґР°Р»Рё СЌРєР·РµРјРїР»СЏСЂ РєР»Р°СЃСЃР°: ru.cft.focusstart.task2.Circle 
12.04.2021 01:48:30.137 [main] INFO  r.c.f.task2.Main - РЎРѕР·РґР°Р»Рё СЌРєР·РµРјРїР»СЏСЂ РєР»Р°СЃСЃР°: ru.cft.focusstart.task2.DataOutputFormat 
12.04.2021 01:48:30.144 [main] INFO  r.c.f.task2.Main - Р’С‹РІРµР»Рё РїР°СЂР°РјРµС‚СЂС‹ С„РёРіСѓСЂС‹ РІ С„Р°Р№Р»: 2.tt
12.04.2021 01:48:30.145 [main] INFO  r.c.f.task2.Main - РџСЂРѕРіСЂР°РјРјР° Р·Р°РІРµСЂС€РёР»Р°СЃСЊ
12.04.2021 02:06:10.480 [main] INFO  r.c.f.task2.Main - РџСЂРѕРіСЂР°РјРјР° СЃС‚Р°СЂС‚РѕРІР°Р»Р°
12.04.2021 02:06:10.533 [main] INFO  r.c.f.task2.Main - РЎРѕР·РґР°Р»Рё СЌРєР·РµРјРїР»СЏСЂ РєР»Р°СЃСЃР°: ru.cft.focusstart.task2.ParserCommandLineArguments 
12.04.2021 02:06:10.536 [main] INFO  r.c.f.task2.Main - РЎРѕР·РґР°Р»Рё СЌРєР·РµРјРїР»СЏСЂ РєР»Р°СЃСЃР°: ru.cft.focusstart.task2.ReaderFromFile 
12.04.2021 02:06:10.539 [main] INFO  r.c.f.task2.Main - РЎРѕР·РґР°Р»Рё СЌРєР·РµРјРїР»СЏСЂ РєР»Р°СЃСЃР°: ru.cft.focusstart.task2.ModelFigureTypeWithParameters 
12.04.2021 02:06:10.542 [main] INFO  r.c.f.task2.Main - РЎРѕР·РґР°Р»Рё СЌРєР·РµРјРїР»СЏСЂ РєР»Р°СЃСЃР°: ru.cft.focusstart.task2.FiguresFactory
12.04.2021 02:06:10.544 [main] INFO  r.c.f.task2.Circle - РЎРѕР·РґР°Р»Рё СЌРєР·РµРјРїР»СЏСЂ РєР»Р°СЃСЃР°: ru.cft.focusstart.task2.Circle 
12.04.2021 02:06:10.544 [main] INFO  r.c.f.task2.Main - РЎРѕР·РґР°Р»Рё СЌРєР·РµРјРїР»СЏСЂ РєР»Р°СЃСЃР°: ru.cft.focusstart.task2.Circle 
12.04.2021 02:06:10.546 [main] INFO  r.c.f.t.DataOutputFormat - РЎРѕР·РґР°Р»Рё СЌРєР·РµРјРїР»СЏСЂ РєР»Р°СЃСЃР°: ru.cft.focusstart.task2.Circle, СЃ РїР°СЂР°РјРµС‚СЂР°РјРё: figureType = РљСЂСѓРі 
12.04.2021 02:06:10.546 [main] INFO  r.c.f.task2.Main - РЎРѕР·РґР°Р»Рё СЌРєР·РµРјРїР»СЏСЂ РєР»Р°СЃСЃР°: ru.cft.focusstart.task2.DataOutputFormat 
12.04.2021 02:06:10.556 [main] INFO  r.c.f.task2.Main - Р’С‹РІРµР»Рё РїР°СЂР°РјРµС‚СЂС‹ С„РёРіСѓСЂС‹ РІ С„Р°Р№Р»: 2.tt
12.04.2021 02:06:10.557 [main] INFO  r.c.f.task2.Main - РџСЂРѕРіСЂР°РјРјР° Р·Р°РІРµСЂС€РёР»Р°СЃСЊ
12.04.2021 02:18:41.669 [main] INFO  r.c.f.task2.Main - РџСЂРѕРіСЂР°РјРјР° СЃС‚Р°СЂС‚РѕРІР°Р»Р°
12.04.2021 02:18:41.716 [main] INFO  r.c.f.t.ParserCommandLineArguments - РЎРѕР·РґР°Р»Рё СЌРєР·РµРјРїР»СЏСЂ РєР»Р°СЃСЃР°: ru.cft.focusstart.task2.ParserCommandLineArguments
12.04.2021 02:18:41.719 [main] INFO  r.c.f.t.ReaderFromFile - РЎРѕР·РґР°Р»Рё СЌРєР·РµРјРїР»СЏСЂ РєР»Р°СЃСЃР°: ru.cft.focusstart.task2.ReaderFromFile
12.04.2021 02:18:41.722 [main] INFO  r.c.f.t.ModelFigureTypeWithParameters - РЎРѕР·РґР°Р»Рё СЌРєР·РµРјРїР»СЏСЂ РєР»Р°СЃСЃР°: ru.cft.focusstart.task2.ModelFigureTypeWithParameters
12.04.2021 02:18:41.725 [main] INFO  r.c.f.t.FiguresFactory - РЎРѕР·РґР°Р»Рё СЌРєР·РµРјРїР»СЏСЂ РєР»Р°СЃСЃР°: ru.cft.focusstart.task2.FiguresFactory
12.04.2021 02:18:41.727 [main] INFO  r.c.f.task2.Circle - РЎРѕР·РґР°Р»Рё СЌРєР·РµРјРїР»СЏСЂ РєР»Р°СЃСЃР°: ru.cft.focusstart.task2.Circle 
12.04.2021 02:18:41.729 [main] INFO  r.c.f.t.DataOutputFormat - РЎРѕР·РґР°Р»Рё СЌРєР·РµРјРїР»СЏСЂ РєР»Р°СЃСЃР°: ru.cft.focusstart.task2.DataOutputFormat
12.04.2021 02:18:41.736 [main] INFO  r.c.f.task2.Main - Р’С‹РІРµР»Рё РїР°СЂР°РјРµС‚СЂС‹ С„РёРіСѓСЂС‹ РІ С„Р°Р№Р»: 2.tt
12.04.2021 02:18:41.737 [main] INFO  r.c.f.task2.Main - РџСЂРѕРіСЂР°РјРјР° Р·Р°РІРµСЂС€РёР»Р°СЃСЊ
12.04.2021 02:23:04.898 [main] INFO  r.c.f.task2.Main - РџСЂРѕРіСЂР°РјРјР° СЃС‚Р°СЂС‚РѕРІР°Р»Р°
12.04.2021 02:23:04.946 [main] INFO  r.c.f.t.ParserCommandLineArguments - РЎРѕР·РґР°Р»Рё СЌРєР·РµРјРїР»СЏСЂ РєР»Р°СЃСЃР°: ru.cft.focusstart.task2.ParserCommandLineArguments
12.04.2021 02:23:04.950 [main] INFO  r.c.f.t.ReaderFromFile - РЎРѕР·РґР°Р»Рё СЌРєР·РµРјРїР»СЏСЂ РєР»Р°СЃСЃР°: ru.cft.focusstart.task2.ReaderFromFile
12.04.2021 02:23:04.953 [main] INFO  r.c.f.t.ModelFigureTypeWithParameters - РЎРѕР·РґР°Р»Рё СЌРєР·РµРјРїР»СЏСЂ РєР»Р°СЃСЃР°: ru.cft.focusstart.task2.ModelFigureTypeWithParameters
12.04.2021 02:23:04.956 [main] INFO  r.c.f.t.FiguresFactory - РЎРѕР·РґР°Р»Рё СЌРєР·РµРјРїР»СЏСЂ РєР»Р°СЃСЃР°: ru.cft.focusstart.task2.FiguresFactory
12.04.2021 02:23:04.958 [main] INFO  r.c.f.task2.Circle - РЎРѕР·РґР°Р»Рё СЌРєР·РµРјРїР»СЏСЂ РєР»Р°СЃСЃР°: ru.cft.focusstart.task2.Circle 
12.04.2021 02:23:04.960 [main] INFO  r.c.f.t.DataOutputFormat - РЎРѕР·РґР°Р»Рё СЌРєР·РµРјРїР»СЏСЂ РєР»Р°СЃСЃР°: ru.cft.focusstart.task2.DataOutputFormat
12.04.2021 02:23:04.970 [main] INFO  r.c.f.task2.Main - Р’С‹РІРµР»Рё РїР°СЂР°РјРµС‚СЂС‹ С„РёРіСѓСЂС‹ РІ С„Р°Р№Р»: 2.tt
12.04.2021 02:23:04.972 [main] INFO  r.c.f.task2.Main - РџСЂРѕРіСЂР°РјРјР° Р·Р°РІРµСЂС€РёР»Р°СЃСЊ
12.04.2021 02:23:29.570 [main] INFO  r.c.f.task2.Main - РџСЂРѕРіСЂР°РјРјР° СЃС‚Р°СЂС‚РѕРІР°Р»Р°
12.04.2021 02:23:29.748 [main] ERROR r.c.f.t.ParserCommandLineArguments - Option "-i" takes an operand
org.kohsuke.args4j.CmdLineException: Option "-i" takes an operand
	at org.kohsuke.args4j.CmdLineParser$CmdLineImpl.getParameter(CmdLineParser.java:444)
	at org.kohsuke.args4j.spi.StringOptionHandler.parseArguments(StringOptionHandler.java:19)
	at org.kohsuke.args4j.CmdLineParser.parseArgument(CmdLineParser.java:535)
	at ru.cft.focusstart.task2.ParserCommandLineArguments.parseLineArguments(ParserCommandLineArguments.java:32)
	at ru.cft.focusstart.task2.ParserCommandLineArguments.<init>(ParserCommandLineArguments.java:17)
	at ru.cft.focusstart.task2.Main.main(Main.java:16)
12.04.2021 02:25:11.852 [main] INFO  r.c.f.task2.Main - РџСЂРѕРіСЂР°РјРјР° СЃС‚Р°СЂС‚РѕРІР°Р»Р°
12.04.2021 02:25:11.927 [main] ERROR r.c.f.t.ParserCommandLineArguments - Option "-i" takes an operand
org.kohsuke.args4j.CmdLineException: Option "-i" takes an operand
	at org.kohsuke.args4j.CmdLineParser$CmdLineImpl.getParameter(CmdLineParser.java:444)
	at org.kohsuke.args4j.spi.StringOptionHandler.parseArguments(StringOptionHandler.java:19)
	at org.kohsuke.args4j.CmdLineParser.parseArgument(CmdLineParser.java:535)
	at ru.cft.focusstart.task2.ParserCommandLineArguments.parseLineArguments(ParserCommandLineArguments.java:32)
	at ru.cft.focusstart.task2.ParserCommandLineArguments.<init>(ParserCommandLineArguments.java:17)
	at ru.cft.focusstart.task2.Main.main(Main.java:16)
12.04.2021 02:26:22.662 [main] INFO  r.c.f.task2.Main - РџСЂРѕРіСЂР°РјРјР° СЃС‚Р°СЂС‚РѕРІР°Р»Р°
12.04.2021 02:26:22.742 [main] ERROR r.c.f.t.ParserCommandLineArguments - Option "-i" is required
org.kohsuke.args4j.CmdLineException: Option "-i" is required
	at org.kohsuke.args4j.CmdLineParser.checkRequiredOptionsAndArguments(CmdLineParser.java:603)
	at org.kohsuke.args4j.CmdLineParser.parseArgument(CmdLineParser.java:549)
	at ru.cft.focusstart.task2.ParserCommandLineArguments.parseLineArguments(ParserCommandLineArguments.java:32)
	at ru.cft.focusstart.task2.ParserCommandLineArguments.<init>(ParserCommandLineArguments.java:17)
	at ru.cft.focusstart.task2.Main.main(Main.java:16)
12.04.2021 02:32:24.171 [main] INFO  r.c.f.task2.Main - РџСЂРѕРіСЂР°РјРјР° СЃС‚Р°СЂС‚РѕРІР°Р»Р°
12.04.2021 02:32:24.228 [main] INFO  r.c.f.t.ParserCommandLineArguments - РЎРѕР·РґР°Р»Рё СЌРєР·РµРјРїР»СЏСЂ РєР»Р°СЃСЃР°: ru.cft.focusstart.task2.ParserCommandLineArguments
12.04.2021 02:32:24.233 [main] INFO  r.c.f.t.ReaderFromFile - РЎРѕР·РґР°Р»Рё СЌРєР·РµРјРїР»СЏСЂ РєР»Р°СЃСЃР°: ru.cft.focusstart.task2.ReaderFromFile
12.04.2021 02:32:24.235 [main] INFO  r.c.f.t.ModelFigureTypeWithParameters - РЎРѕР·РґР°Р»Рё СЌРєР·РµРјРїР»СЏСЂ РєР»Р°СЃСЃР°: ru.cft.focusstart.task2.ModelFigureTypeWithParameters
12.04.2021 02:32:24.238 [main] INFO  r.c.f.t.FiguresFactory - РЎРѕР·РґР°Р»Рё СЌРєР·РµРјРїР»СЏСЂ РєР»Р°СЃСЃР°: ru.cft.focusstart.task2.FiguresFactory
12.04.2021 02:32:24.241 [main] ERROR r.c.f.task2.Circle - РќРµРґРѕРїСѓСЃС‚РёРјС‹Р№ РЅР°Р±РѕСЂ РїР°СЂР°РјРµС‚СЂРѕРІ. РљРѕР»РёС‡РµСЃС‚РІРѕ РїР°СЂР°РјРµС‚СЂРѕРІ РЅРµ СЂР°РІРЅРѕ 1
12.04.2021 02:32:24.245 [main] ERROR r.c.f.task2.Main - РќРµРґРѕРїСѓСЃС‚РёРјС‹Р№ РЅР°Р±РѕСЂ РїР°СЂР°РјРµС‚СЂРѕРІ
java.lang.IllegalArgumentException: РќРµРґРѕРїСѓСЃС‚РёРјС‹Р№ РЅР°Р±РѕСЂ РїР°СЂР°РјРµС‚СЂРѕРІ
	at ru.cft.focusstart.task2.Circle.<init>(Circle.java:21)
	at ru.cft.focusstart.task2.FiguresFactory.createFigures(FiguresFactory.java:21)
	at ru.cft.focusstart.task2.Main.main(Main.java:21)
12.04.2021 02:32:24.246 [main] INFO  r.c.f.task2.Main - РџСЂРѕРіСЂР°РјРјР° Р·Р°РІРµСЂС€РёР»Р°СЃСЊ
